2018-08-15 10:26:11.397 - INFO  [           main] o.s.b.StartupInfoLogger        : Starting SpringbootApplication on DESKTOP-BS23KFK with PID 20620 (F:\ideaspace\springboot\target\classes started by dell in F:\ideaspace\springboot)
2018-08-15 10:26:11.446 - INFO  [           main] o.s.b.SpringApplication        : The following profiles are active: dev
2018-08-15 10:26:11.738 - INFO  [           main] c.s.AbstractApplicationContext : Refreshing org.springframework.boot.web.servlet.context.AnnotationConfigServletWebServerApplicationContext@142eef62: startup date [Wed Aug 15 10:26:11 CST 2018]; root of context hierarchy
2018-08-15 10:26:15.430 - INFO  [           main] epositoryConfigurationDelegate : Multiple Spring Data modules found, entering strict repository configuration mode!
2018-08-15 10:26:17.168 - INFO  [           main] egate$BeanPostProcessorChecker : Bean 'org.springframework.transaction.annotation.ProxyTransactionManagementConfiguration' of type [org.springframework.transaction.annotation.ProxyTransactionManagementConfiguration$$EnhancerBySpringCGLIB$$7bdd9573] is not eligible for getting processed by all BeanPostProcessors (for example: not eligible for auto-proxying)
2018-08-15 10:26:28.178 - INFO  [           main] o.s.b.StartupInfoLogger        : Starting SpringbootApplication on DESKTOP-BS23KFK with PID 12932 (F:\ideaspace\springboot\target\classes started by dell in F:\ideaspace\springboot)
2018-08-15 10:26:28.193 - INFO  [           main] o.s.b.SpringApplication        : The following profiles are active: dev
2018-08-15 10:26:28.359 - INFO  [           main] c.s.AbstractApplicationContext : Refreshing org.springframework.boot.web.servlet.context.AnnotationConfigServletWebServerApplicationContext@6de54b40: startup date [Wed Aug 15 10:26:28 CST 2018]; root of context hierarchy
2018-08-15 10:26:29.798 - INFO  [           main] epositoryConfigurationDelegate : Multiple Spring Data modules found, entering strict repository configuration mode!
2018-08-15 10:26:31.622 - INFO  [           main] egate$BeanPostProcessorChecker : Bean 'org.springframework.transaction.annotation.ProxyTransactionManagementConfiguration' of type [org.springframework.transaction.annotation.ProxyTransactionManagementConfiguration$$EnhancerBySpringCGLIB$$8eb03969] is not eligible for getting processed by all BeanPostProcessors (for example: not eligible for auto-proxying)
2018-08-15 10:26:33.046 - INFO  [           main] o.s.b.w.e.t.TomcatWebServer    : Tomcat initialized with port(s): 8081 (http)
2018-08-15 10:26:33.101 - INFO  [           main] o.a.j.l.DirectJDKLog           : Initializing ProtocolHandler ["http-nio-8081"]
2018-08-15 10:26:33.141 - INFO  [           main] o.a.j.l.DirectJDKLog           : Starting service [Tomcat]
2018-08-15 10:26:33.143 - INFO  [           main] o.a.j.l.DirectJDKLog           : Starting Servlet Engine: Apache Tomcat/8.5.31
2018-08-15 10:26:33.167 - INFO  [ost-startStop-1] o.a.j.l.DirectJDKLog           : The APR based Apache Tomcat Native library which allows optimal performance in production environments was not found on the java.library.path: [C:\Program Files\Java\jdk1.8.0_161\bin;C:\WINDOWS\Sun\Java\bin;C:\WINDOWS\system32;C:\WINDOWS;C:\ProgramData\Oracle\Java\javapath;D:\Oracle\app\oracle\product\10.2.0\server\bin;C:\Program Files (x86)\Java\jdk1.7.0_01\bin;C:\WINDOWS\system32;C:\WINDOWS;C:\WINDOWS\System32\Wbem;C:\WINDOWS\System32\WindowsPowerShell\v1.0\;C:\WINDOWS\System32\OpenSSH\;"C:\Program Files\Java\jdk1.8.0_161\bin;C:\Program Files\Java\jdk1.8.0_161\jre\bin;";D:\Program Files (x86)\maven\apache-maven-3.5.2-bin\apache-maven-3.5.2\bin;C:\Users\dell\AppData\Local\Microsoft\WindowsApps;.]
2018-08-15 10:26:34.238 - INFO  [ost-startStop-1] o.a.j.l.DirectJDKLog           : At least one JAR was scanned for TLDs yet contained no TLDs. Enable debug logging for this logger for a complete list of JARs that were scanned but no TLDs were found in them. Skipping unneeded JARs during scanning can improve startup time and JSP compilation time.
2018-08-15 10:26:34.253 - INFO  [ost-startStop-1] o.a.j.l.DirectJDKLog           : Initializing Spring embedded WebApplicationContext
2018-08-15 10:26:34.254 - INFO  [ost-startStop-1] letWebServerApplicationContext : Root WebApplicationContext: initialization completed in 5901 ms
2018-08-15 10:26:35.109 - INFO  [ost-startStop-1] .b.w.s.ServletRegistrationBean : Servlet dispatcherServlet mapped to [/]
2018-08-15 10:26:35.126 - INFO  [ost-startStop-1] AbstractFilterRegistrationBean : Mapping filter: 'characterEncodingFilter' to: [/*]
2018-08-15 10:26:35.128 - INFO  [ost-startStop-1] AbstractFilterRegistrationBean : Mapping filter: 'hiddenHttpMethodFilter' to: [/*]
2018-08-15 10:26:35.128 - INFO  [ost-startStop-1] AbstractFilterRegistrationBean : Mapping filter: 'httpPutFormContentFilter' to: [/*]
2018-08-15 10:26:35.129 - INFO  [ost-startStop-1] AbstractFilterRegistrationBean : Mapping filter: 'requestContextFilter' to: [/*]
2018-08-15 10:26:39.549 - INFO  [           main] rMethodMapping$MappingRegistry : Mapped "{[/admin/update],methods=[PUT]}" onto public void com.djs.springboot.controller.AdminController.update(com.djs.springboot.entity.Admin)
2018-08-15 10:26:39.556 - INFO  [           main] rMethodMapping$MappingRegistry : Mapped "{[/admin/delete/{ids}],methods=[DELETE]}" onto public void com.djs.springboot.controller.AdminController.delete(java.lang.String[])
2018-08-15 10:26:39.558 - INFO  [           main] rMethodMapping$MappingRegistry : Mapped "{[/admin/insert],methods=[POST]}" onto public void com.djs.springboot.controller.AdminController.insert(com.djs.springboot.entity.Admin)
2018-08-15 10:26:39.561 - INFO  [           main] rMethodMapping$MappingRegistry : Mapped "{[/admin/selectAll],methods=[GET]}" onto public com.djs.springboot.entity.Result com.djs.springboot.controller.AdminController.selectAll()
2018-08-15 10:26:39.564 - INFO  [           main] rMethodMapping$MappingRegistry : Mapped "{[/helloworld],methods=[GET]}" onto public java.lang.String com.djs.springboot.controller.HelloController.helloworld() throws java.lang.Exception
2018-08-15 10:26:39.568 - INFO  [           main] rMethodMapping$MappingRegistry : Mapped "{[/hello/{name}]}" onto public java.lang.String com.djs.springboot.controller.HelloController.helloName(java.lang.String)
2018-08-15 10:26:39.572 - INFO  [           main] rMethodMapping$MappingRegistry : Mapped "{[/user/{id}]}" onto public com.djs.springboot.entity.User com.djs.springboot.controller.UserController.getUser(java.lang.String)
2018-08-15 10:26:39.582 - INFO  [           main] rMethodMapping$MappingRegistry : Mapped "{[/v2/api-docs],methods=[GET],produces=[application/json || application/hal+json]}" onto public org.springframework.http.ResponseEntity<springfox.documentation.spring.web.json.Json> springfox.documentation.swagger2.web.Swagger2Controller.getDocumentation(java.lang.String,javax.servlet.http.HttpServletRequest)
2018-08-15 10:26:39.601 - INFO  [           main] rMethodMapping$MappingRegistry : Mapped "{[/swagger-resources/configuration/ui]}" onto org.springframework.http.ResponseEntity<springfox.documentation.swagger.web.UiConfiguration> springfox.documentation.swagger.web.ApiResourceController.uiConfiguration()
2018-08-15 10:26:39.608 - INFO  [           main] rMethodMapping$MappingRegistry : Mapped "{[/swagger-resources]}" onto org.springframework.http.ResponseEntity<java.util.List<springfox.documentation.swagger.web.SwaggerResource>> springfox.documentation.swagger.web.ApiResourceController.swaggerResources()
2018-08-15 10:26:39.612 - INFO  [           main] rMethodMapping$MappingRegistry : Mapped "{[/swagger-resources/configuration/security]}" onto org.springframework.http.ResponseEntity<springfox.documentation.swagger.web.SecurityConfiguration> springfox.documentation.swagger.web.ApiResourceController.securityConfiguration()
2018-08-15 10:26:39.632 - INFO  [           main] rMethodMapping$MappingRegistry : Mapped "{[/error]}" onto public org.springframework.http.ResponseEntity<java.util.Map<java.lang.String, java.lang.Object>> org.springframework.boot.autoconfigure.web.servlet.error.BasicErrorController.error(javax.servlet.http.HttpServletRequest)
2018-08-15 10:26:39.636 - INFO  [           main] rMethodMapping$MappingRegistry : Mapped "{[/error],produces=[text/html]}" onto public org.springframework.web.servlet.ModelAndView org.springframework.boot.autoconfigure.web.servlet.error.BasicErrorController.errorHtml(javax.servlet.http.HttpServletRequest,javax.servlet.http.HttpServletResponse)
2018-08-15 10:26:41.274 - INFO  [           main] .s.h.AbstractUrlHandlerMapping : Mapped URL path [/**/favicon.ico] onto handler of type [class org.springframework.web.servlet.resource.ResourceHttpRequestHandler]
2018-08-15 10:26:42.105 - INFO  [           main] a.RequestMappingHandlerAdapter : Looking for @ControllerAdvice: org.springframework.boot.web.servlet.context.AnnotationConfigServletWebServerApplicationContext@6de54b40: startup date [Wed Aug 15 10:26:28 CST 2018]; root of context hierarchy
2018-08-15 10:26:42.433 - INFO  [           main] .s.h.AbstractUrlHandlerMapping : Mapped URL path [/webjars/**] onto handler of type [class org.springframework.web.servlet.resource.ResourceHttpRequestHandler]
2018-08-15 10:26:42.434 - INFO  [           main] .s.h.AbstractUrlHandlerMapping : Mapped URL path [/**] onto handler of type [class org.springframework.web.servlet.resource.ResourceHttpRequestHandler]
2018-08-15 10:26:42.766 - INFO  [           main] .w.s.WelcomePageHandlerMapping : Adding welcome page template: index
2018-08-15 10:26:45.254 - INFO  [           main] o.s.j.e.MBeanExporter          : Registering beans for JMX exposure on startup
2018-08-15 10:26:45.260 - INFO  [           main] o.s.j.e.MBeanExporter          : Bean with name 'dataSource' has been autodetected for JMX exposure
2018-08-15 10:26:45.290 - INFO  [           main] o.s.j.e.MBeanExporter          : Located MBean 'dataSource': registering with JMX server as MBean [com.alibaba.druid.pool:name=dataSource,type=DruidDataSource]
2018-08-15 10:26:45.313 - INFO  [           main] ecycleProcessor$LifecycleGroup : Starting beans in phase 2147483647
2018-08-15 10:26:45.314 - INFO  [           main] cumentationPluginsBootstrapper : Context refreshed
2018-08-15 10:26:45.385 - INFO  [           main] cumentationPluginsBootstrapper : Found 1 custom documentation plugin(s)
2018-08-15 10:26:45.461 - INFO  [           main] w.s.ApiListingReferenceScanner : Scanning for api listing references
2018-08-15 10:26:46.882 - INFO  [           main] o.a.j.l.DirectJDKLog           : Starting ProtocolHandler ["http-nio-8081"]
2018-08-15 10:26:46.946 - INFO  [           main] o.a.j.l.DirectJDKLog           : Using a shared selector for servlet write/read
2018-08-15 10:26:47.128 - INFO  [           main] o.s.b.w.e.t.TomcatWebServer    : Tomcat started on port(s): 8081 (http) with context path '/springboot'
2018-08-15 10:26:47.146 - INFO  [           main] o.s.b.StartupInfoLogger        : Started SpringbootApplication in 20.033 seconds (JVM running for 24.126)
2018-08-15 10:27:39.283 - INFO  [nio-8081-exec-1] o.a.j.l.DirectJDKLog           : Initializing Spring FrameworkServlet 'dispatcherServlet'
2018-08-15 10:27:39.284 - INFO  [nio-8081-exec-1] o.s.w.s.FrameworkServlet       : FrameworkServlet 'dispatcherServlet': initialization started
2018-08-15 10:27:39.408 - INFO  [nio-8081-exec-1] o.s.w.s.FrameworkServlet       : FrameworkServlet 'dispatcherServlet': initialization completed in 123 ms
2018-08-15 10:28:32.330 - INFO  [nio-8081-exec-1] c.a.d.s.l.Log4j2Impl           : {dataSource-1} inited
2018-08-15 10:30:27.664 - INFO  [           main] o.s.b.StartupInfoLogger        : Starting SpringbootApplication on DESKTOP-BS23KFK with PID 5416 (F:\ideaspace\springboot\target\classes started by dell in F:\ideaspace\springboot)
2018-08-15 10:30:27.675 - INFO  [           main] o.s.b.SpringApplication        : The following profiles are active: dev
2018-08-15 10:30:27.843 - INFO  [           main] c.s.AbstractApplicationContext : Refreshing org.springframework.boot.web.servlet.context.AnnotationConfigServletWebServerApplicationContext@126253fd: startup date [Wed Aug 15 10:30:27 CST 2018]; root of context hierarchy
2018-08-15 10:30:29.246 - INFO  [           main] epositoryConfigurationDelegate : Multiple Spring Data modules found, entering strict repository configuration mode!
2018-08-15 10:30:30.034 - INFO  [           main] egate$BeanPostProcessorChecker : Bean 'org.springframework.transaction.annotation.ProxyTransactionManagementConfiguration' of type [org.springframework.transaction.annotation.ProxyTransactionManagementConfiguration$$EnhancerBySpringCGLIB$$356dffdf] is not eligible for getting processed by all BeanPostProcessors (for example: not eligible for auto-proxying)
2018-08-15 10:30:31.149 - INFO  [           main] o.s.b.w.e.t.TomcatWebServer    : Tomcat initialized with port(s): 8081 (http)
2018-08-15 10:30:31.332 - INFO  [           main] o.a.j.l.DirectJDKLog           : Initializing ProtocolHandler ["http-nio-8081"]
2018-08-15 10:30:31.373 - INFO  [           main] o.a.j.l.DirectJDKLog           : Starting service [Tomcat]
2018-08-15 10:30:31.376 - INFO  [           main] o.a.j.l.DirectJDKLog           : Starting Servlet Engine: Apache Tomcat/8.5.31
2018-08-15 10:30:31.391 - INFO  [ost-startStop-1] o.a.j.l.DirectJDKLog           : The APR based Apache Tomcat Native library which allows optimal performance in production environments was not found on the java.library.path: [C:\Program Files\Java\jdk1.8.0_161\bin;C:\WINDOWS\Sun\Java\bin;C:\WINDOWS\system32;C:\WINDOWS;C:\ProgramData\Oracle\Java\javapath;D:\Oracle\app\oracle\product\10.2.0\server\bin;C:\Program Files (x86)\Java\jdk1.7.0_01\bin;C:\WINDOWS\system32;C:\WINDOWS;C:\WINDOWS\System32\Wbem;C:\WINDOWS\System32\WindowsPowerShell\v1.0\;C:\WINDOWS\System32\OpenSSH\;"C:\Program Files\Java\jdk1.8.0_161\bin;C:\Program Files\Java\jdk1.8.0_161\jre\bin;";D:\Program Files (x86)\maven\apache-maven-3.5.2-bin\apache-maven-3.5.2\bin;C:\Users\dell\AppData\Local\Microsoft\WindowsApps;.]
2018-08-15 10:30:32.338 - INFO  [ost-startStop-1] o.a.j.l.DirectJDKLog           : At least one JAR was scanned for TLDs yet contained no TLDs. Enable debug logging for this logger for a complete list of JARs that were scanned but no TLDs were found in them. Skipping unneeded JARs during scanning can improve startup time and JSP compilation time.
2018-08-15 10:30:32.354 - INFO  [ost-startStop-1] o.a.j.l.DirectJDKLog           : Initializing Spring embedded WebApplicationContext
2018-08-15 10:30:32.355 - INFO  [ost-startStop-1] letWebServerApplicationContext : Root WebApplicationContext: initialization completed in 4517 ms
2018-08-15 10:30:33.184 - INFO  [ost-startStop-1] .b.w.s.ServletRegistrationBean : Servlet dispatcherServlet mapped to [/]
2018-08-15 10:30:33.195 - INFO  [ost-startStop-1] AbstractFilterRegistrationBean : Mapping filter: 'characterEncodingFilter' to: [/*]
2018-08-15 10:30:33.196 - INFO  [ost-startStop-1] AbstractFilterRegistrationBean : Mapping filter: 'hiddenHttpMethodFilter' to: [/*]
2018-08-15 10:30:33.197 - INFO  [ost-startStop-1] AbstractFilterRegistrationBean : Mapping filter: 'httpPutFormContentFilter' to: [/*]
2018-08-15 10:30:33.197 - INFO  [ost-startStop-1] AbstractFilterRegistrationBean : Mapping filter: 'requestContextFilter' to: [/*]
2018-08-15 10:30:35.522 - INFO  [           main] rMethodMapping$MappingRegistry : Mapped "{[/admin/update],methods=[PUT]}" onto public void com.djs.springboot.controller.AdminController.update(com.djs.springboot.entity.Admin)
2018-08-15 10:30:35.525 - INFO  [           main] rMethodMapping$MappingRegistry : Mapped "{[/admin/delete/{ids}],methods=[DELETE]}" onto public void com.djs.springboot.controller.AdminController.delete(java.lang.String[])
2018-08-15 10:30:35.527 - INFO  [           main] rMethodMapping$MappingRegistry : Mapped "{[/admin/insert],methods=[POST]}" onto public void com.djs.springboot.controller.AdminController.insert(com.djs.springboot.entity.Admin)
2018-08-15 10:30:35.528 - INFO  [           main] rMethodMapping$MappingRegistry : Mapped "{[/admin/selectAll],methods=[GET]}" onto public com.djs.springboot.entity.Result com.djs.springboot.controller.AdminController.selectAll()
2018-08-15 10:30:35.531 - INFO  [           main] rMethodMapping$MappingRegistry : Mapped "{[/hello/{name}]}" onto public java.lang.String com.djs.springboot.controller.HelloController.helloName(java.lang.String)
2018-08-15 10:30:35.532 - INFO  [           main] rMethodMapping$MappingRegistry : Mapped "{[/helloworld],methods=[GET]}" onto public java.lang.String com.djs.springboot.controller.HelloController.helloworld() throws java.lang.Exception
2018-08-15 10:30:35.536 - INFO  [           main] rMethodMapping$MappingRegistry : Mapped "{[/user/{id}]}" onto public com.djs.springboot.entity.User com.djs.springboot.controller.UserController.getUser(java.lang.String)
2018-08-15 10:30:35.540 - INFO  [           main] rMethodMapping$MappingRegistry : Mapped "{[/v2/api-docs],methods=[GET],produces=[application/json || application/hal+json]}" onto public org.springframework.http.ResponseEntity<springfox.documentation.spring.web.json.Json> springfox.documentation.swagger2.web.Swagger2Controller.getDocumentation(java.lang.String,javax.servlet.http.HttpServletRequest)
2018-08-15 10:30:35.553 - INFO  [           main] rMethodMapping$MappingRegistry : Mapped "{[/swagger-resources/configuration/security]}" onto org.springframework.http.ResponseEntity<springfox.documentation.swagger.web.SecurityConfiguration> springfox.documentation.swagger.web.ApiResourceController.securityConfiguration()
2018-08-15 10:30:35.556 - INFO  [           main] rMethodMapping$MappingRegistry : Mapped "{[/swagger-resources/configuration/ui]}" onto org.springframework.http.ResponseEntity<springfox.documentation.swagger.web.UiConfiguration> springfox.documentation.swagger.web.ApiResourceController.uiConfiguration()
2018-08-15 10:30:35.559 - INFO  [           main] rMethodMapping$MappingRegistry : Mapped "{[/swagger-resources]}" onto org.springframework.http.ResponseEntity<java.util.List<springfox.documentation.swagger.web.SwaggerResource>> springfox.documentation.swagger.web.ApiResourceController.swaggerResources()
2018-08-15 10:30:35.572 - INFO  [           main] rMethodMapping$MappingRegistry : Mapped "{[/error]}" onto public org.springframework.http.ResponseEntity<java.util.Map<java.lang.String, java.lang.Object>> org.springframework.boot.autoconfigure.web.servlet.error.BasicErrorController.error(javax.servlet.http.HttpServletRequest)
2018-08-15 10:30:35.574 - INFO  [           main] rMethodMapping$MappingRegistry : Mapped "{[/error],produces=[text/html]}" onto public org.springframework.web.servlet.ModelAndView org.springframework.boot.autoconfigure.web.servlet.error.BasicErrorController.errorHtml(javax.servlet.http.HttpServletRequest,javax.servlet.http.HttpServletResponse)
2018-08-15 10:30:36.227 - INFO  [           main] .s.h.AbstractUrlHandlerMapping : Mapped URL path [/**/favicon.ico] onto handler of type [class org.springframework.web.servlet.resource.ResourceHttpRequestHandler]
2018-08-15 10:30:37.020 - INFO  [           main] a.RequestMappingHandlerAdapter : Looking for @ControllerAdvice: org.springframework.boot.web.servlet.context.AnnotationConfigServletWebServerApplicationContext@126253fd: startup date [Wed Aug 15 10:30:27 CST 2018]; root of context hierarchy
2018-08-15 10:30:37.324 - INFO  [           main] .s.h.AbstractUrlHandlerMapping : Mapped URL path [/webjars/**] onto handler of type [class org.springframework.web.servlet.resource.ResourceHttpRequestHandler]
2018-08-15 10:30:37.326 - INFO  [           main] .s.h.AbstractUrlHandlerMapping : Mapped URL path [/**] onto handler of type [class org.springframework.web.servlet.resource.ResourceHttpRequestHandler]
2018-08-15 10:30:37.491 - INFO  [           main] .w.s.WelcomePageHandlerMapping : Adding welcome page template: index
2018-08-15 10:30:39.140 - INFO  [           main] o.s.j.e.MBeanExporter          : Registering beans for JMX exposure on startup
2018-08-15 10:30:39.145 - INFO  [           main] o.s.j.e.MBeanExporter          : Bean with name 'dataSource' has been autodetected for JMX exposure
2018-08-15 10:30:39.164 - INFO  [           main] o.s.j.e.MBeanExporter          : Located MBean 'dataSource': registering with JMX server as MBean [com.alibaba.druid.pool:name=dataSource,type=DruidDataSource]
2018-08-15 10:30:39.182 - INFO  [           main] ecycleProcessor$LifecycleGroup : Starting beans in phase 2147483647
2018-08-15 10:30:39.183 - INFO  [           main] cumentationPluginsBootstrapper : Context refreshed
2018-08-15 10:30:39.240 - INFO  [           main] cumentationPluginsBootstrapper : Found 1 custom documentation plugin(s)
2018-08-15 10:30:39.284 - INFO  [           main] w.s.ApiListingReferenceScanner : Scanning for api listing references
2018-08-15 10:30:40.013 - INFO  [           main] o.a.j.l.DirectJDKLog           : Starting ProtocolHandler ["http-nio-8081"]
2018-08-15 10:30:40.064 - INFO  [           main] o.a.j.l.DirectJDKLog           : Using a shared selector for servlet write/read
2018-08-15 10:30:40.166 - INFO  [           main] o.s.b.w.e.t.TomcatWebServer    : Tomcat started on port(s): 8081 (http) with context path '/springboot'
2018-08-15 10:30:40.183 - INFO  [           main] o.s.b.StartupInfoLogger        : Started SpringbootApplication in 13.5 seconds (JVM running for 17.827)
2018-08-15 10:31:13.905 - INFO  [nio-8081-exec-1] o.a.j.l.DirectJDKLog           : Initializing Spring FrameworkServlet 'dispatcherServlet'
2018-08-15 10:31:13.906 - INFO  [nio-8081-exec-1] o.s.w.s.FrameworkServlet       : FrameworkServlet 'dispatcherServlet': initialization started
2018-08-15 10:31:13.995 - INFO  [nio-8081-exec-1] o.s.w.s.FrameworkServlet       : FrameworkServlet 'dispatcherServlet': initialization completed in 87 ms
2018-08-15 10:31:14.348 - INFO  [nio-8081-exec-1] c.a.d.s.l.Log4j2Impl           : {dataSource-1} inited
2018-08-15 11:19:20.181 - INFO  [           main] o.s.b.StartupInfoLogger        : Starting SpringbootApplication on DESKTOP-BS23KFK with PID 12896 (F:\ideaspace\springboot\target\classes started by dell in F:\ideaspace\springboot)
2018-08-15 11:19:20.196 - INFO  [           main] o.s.b.SpringApplication        : The following profiles are active: dev
2018-08-15 11:19:20.340 - INFO  [           main] c.s.AbstractApplicationContext : Refreshing org.springframework.boot.web.servlet.context.AnnotationConfigServletWebServerApplicationContext@7eecb5b8: startup date [Wed Aug 15 11:19:20 CST 2018]; root of context hierarchy
2018-08-15 11:19:21.969 - INFO  [           main] epositoryConfigurationDelegate : Multiple Spring Data modules found, entering strict repository configuration mode!
2018-08-15 11:19:23.358 - INFO  [           main] egate$BeanPostProcessorChecker : Bean 'org.springframework.transaction.annotation.ProxyTransactionManagementConfiguration' of type [org.springframework.transaction.annotation.ProxyTransactionManagementConfiguration$$EnhancerBySpringCGLIB$$87ef5c29] is not eligible for getting processed by all BeanPostProcessors (for example: not eligible for auto-proxying)
2018-08-15 11:19:24.385 - INFO  [           main] o.s.b.w.e.t.TomcatWebServer    : Tomcat initialized with port(s): 8081 (http)
2018-08-15 11:19:24.437 - INFO  [           main] o.a.j.l.DirectJDKLog           : Initializing ProtocolHandler ["http-nio-8081"]
2018-08-15 11:19:24.476 - INFO  [           main] o.a.j.l.DirectJDKLog           : Starting service [Tomcat]
2018-08-15 11:19:24.479 - INFO  [           main] o.a.j.l.DirectJDKLog           : Starting Servlet Engine: Apache Tomcat/8.5.31
2018-08-15 11:19:24.499 - INFO  [ost-startStop-1] o.a.j.l.DirectJDKLog           : The APR based Apache Tomcat Native library which allows optimal performance in production environments was not found on the java.library.path: [C:\Program Files\Java\jdk1.8.0_161\bin;C:\WINDOWS\Sun\Java\bin;C:\WINDOWS\system32;C:\WINDOWS;C:\ProgramData\Oracle\Java\javapath;D:\Oracle\app\oracle\product\10.2.0\server\bin;C:\Program Files (x86)\Java\jdk1.7.0_01\bin;C:\WINDOWS\system32;C:\WINDOWS;C:\WINDOWS\System32\Wbem;C:\WINDOWS\System32\WindowsPowerShell\v1.0\;C:\WINDOWS\System32\OpenSSH\;"C:\Program Files\Java\jdk1.8.0_161\bin;C:\Program Files\Java\jdk1.8.0_161\jre\bin;";D:\Program Files (x86)\maven\apache-maven-3.5.2-bin\apache-maven-3.5.2\bin;C:\Users\dell\AppData\Local\Microsoft\WindowsApps;.]
2018-08-15 11:19:25.364 - INFO  [ost-startStop-1] o.a.j.l.DirectJDKLog           : At least one JAR was scanned for TLDs yet contained no TLDs. Enable debug logging for this logger for a complete list of JARs that were scanned but no TLDs were found in them. Skipping unneeded JARs during scanning can improve startup time and JSP compilation time.
2018-08-15 11:19:25.378 - INFO  [ost-startStop-1] o.a.j.l.DirectJDKLog           : Initializing Spring embedded WebApplicationContext
2018-08-15 11:19:25.380 - INFO  [ost-startStop-1] letWebServerApplicationContext : Root WebApplicationContext: initialization completed in 5045 ms
2018-08-15 11:19:26.384 - INFO  [ost-startStop-1] .b.w.s.ServletRegistrationBean : Servlet dispatcherServlet mapped to [/]
2018-08-15 11:19:26.397 - INFO  [ost-startStop-1] AbstractFilterRegistrationBean : Mapping filter: 'characterEncodingFilter' to: [/*]
2018-08-15 11:19:26.398 - INFO  [ost-startStop-1] AbstractFilterRegistrationBean : Mapping filter: 'hiddenHttpMethodFilter' to: [/*]
2018-08-15 11:19:26.399 - INFO  [ost-startStop-1] AbstractFilterRegistrationBean : Mapping filter: 'httpPutFormContentFilter' to: [/*]
2018-08-15 11:19:26.400 - INFO  [ost-startStop-1] AbstractFilterRegistrationBean : Mapping filter: 'requestContextFilter' to: [/*]
2018-08-15 11:19:28.802 - INFO  [           main] rMethodMapping$MappingRegistry : Mapped "{[/admin/update],methods=[PUT]}" onto public com.djs.springboot.entity.Result com.djs.springboot.controller.AdminController.update(com.djs.springboot.entity.Admin)
2018-08-15 11:19:28.807 - INFO  [           main] rMethodMapping$MappingRegistry : Mapped "{[/admin/delete/{ids}],methods=[DELETE]}" onto public com.djs.springboot.entity.Result com.djs.springboot.controller.AdminController.delete(java.lang.String[])
2018-08-15 11:19:28.809 - INFO  [           main] rMethodMapping$MappingRegistry : Mapped "{[/admin/insert],methods=[POST]}" onto public com.djs.springboot.entity.Result com.djs.springboot.controller.AdminController.insert(com.djs.springboot.entity.Admin)
2018-08-15 11:19:28.813 - INFO  [           main] rMethodMapping$MappingRegistry : Mapped "{[/admin/selectAll],methods=[GET]}" onto public com.djs.springboot.entity.Result com.djs.springboot.controller.AdminController.selectAll()
2018-08-15 11:19:28.816 - INFO  [           main] rMethodMapping$MappingRegistry : Mapped "{[/helloworld],methods=[GET]}" onto public java.lang.String com.djs.springboot.controller.HelloController.helloworld() throws java.lang.Exception
2018-08-15 11:19:28.819 - INFO  [           main] rMethodMapping$MappingRegistry : Mapped "{[/hello/{name}]}" onto public java.lang.String com.djs.springboot.controller.HelloController.helloName(java.lang.String)
2018-08-15 11:19:28.823 - INFO  [           main] rMethodMapping$MappingRegistry : Mapped "{[/user/{id}]}" onto public com.djs.springboot.entity.User com.djs.springboot.controller.UserController.getUser(java.lang.String)
2018-08-15 11:19:28.828 - INFO  [           main] rMethodMapping$MappingRegistry : Mapped "{[/v2/api-docs],methods=[GET],produces=[application/json || application/hal+json]}" onto public org.springframework.http.ResponseEntity<springfox.documentation.spring.web.json.Json> springfox.documentation.swagger2.web.Swagger2Controller.getDocumentation(java.lang.String,javax.servlet.http.HttpServletRequest)
2018-08-15 11:19:28.867 - INFO  [           main] rMethodMapping$MappingRegistry : Mapped "{[/swagger-resources/configuration/ui]}" onto org.springframework.http.ResponseEntity<springfox.documentation.swagger.web.UiConfiguration> springfox.documentation.swagger.web.ApiResourceController.uiConfiguration()
2018-08-15 11:19:28.877 - INFO  [           main] rMethodMapping$MappingRegistry : Mapped "{[/swagger-resources]}" onto org.springframework.http.ResponseEntity<java.util.List<springfox.documentation.swagger.web.SwaggerResource>> springfox.documentation.swagger.web.ApiResourceController.swaggerResources()
2018-08-15 11:19:28.883 - INFO  [           main] rMethodMapping$MappingRegistry : Mapped "{[/swagger-resources/configuration/security]}" onto org.springframework.http.ResponseEntity<springfox.documentation.swagger.web.SecurityConfiguration> springfox.documentation.swagger.web.ApiResourceController.securityConfiguration()
2018-08-15 11:19:28.924 - INFO  [           main] rMethodMapping$MappingRegistry : Mapped "{[/error]}" onto public org.springframework.http.ResponseEntity<java.util.Map<java.lang.String, java.lang.Object>> org.springframework.boot.autoconfigure.web.servlet.error.BasicErrorController.error(javax.servlet.http.HttpServletRequest)
2018-08-15 11:19:28.926 - INFO  [           main] rMethodMapping$MappingRegistry : Mapped "{[/error],produces=[text/html]}" onto public org.springframework.web.servlet.ModelAndView org.springframework.boot.autoconfigure.web.servlet.error.BasicErrorController.errorHtml(javax.servlet.http.HttpServletRequest,javax.servlet.http.HttpServletResponse)
2018-08-15 11:19:29.714 - INFO  [           main] .s.h.AbstractUrlHandlerMapping : Mapped URL path [/**/favicon.ico] onto handler of type [class org.springframework.web.servlet.resource.ResourceHttpRequestHandler]
2018-08-15 11:19:30.304 - INFO  [           main] a.RequestMappingHandlerAdapter : Looking for @ControllerAdvice: org.springframework.boot.web.servlet.context.AnnotationConfigServletWebServerApplicationContext@7eecb5b8: startup date [Wed Aug 15 11:19:20 CST 2018]; root of context hierarchy
2018-08-15 11:19:30.530 - INFO  [           main] .s.h.AbstractUrlHandlerMapping : Mapped URL path [/webjars/**] onto handler of type [class org.springframework.web.servlet.resource.ResourceHttpRequestHandler]
2018-08-15 11:19:30.532 - INFO  [           main] .s.h.AbstractUrlHandlerMapping : Mapped URL path [/**] onto handler of type [class org.springframework.web.servlet.resource.ResourceHttpRequestHandler]
2018-08-15 11:19:30.709 - INFO  [           main] .w.s.WelcomePageHandlerMapping : Adding welcome page template: index
2018-08-15 11:19:32.566 - INFO  [           main] o.s.j.e.MBeanExporter          : Registering beans for JMX exposure on startup
2018-08-15 11:19:32.573 - INFO  [           main] o.s.j.e.MBeanExporter          : Bean with name 'dataSource' has been autodetected for JMX exposure
2018-08-15 11:19:32.602 - INFO  [           main] o.s.j.e.MBeanExporter          : Located MBean 'dataSource': registering with JMX server as MBean [com.alibaba.druid.pool:name=dataSource,type=DruidDataSource]
2018-08-15 11:19:32.617 - INFO  [           main] ecycleProcessor$LifecycleGroup : Starting beans in phase 2147483647
2018-08-15 11:19:32.618 - INFO  [           main] cumentationPluginsBootstrapper : Context refreshed
2018-08-15 11:19:32.672 - INFO  [           main] cumentationPluginsBootstrapper : Found 1 custom documentation plugin(s)
2018-08-15 11:19:32.713 - INFO  [           main] w.s.ApiListingReferenceScanner : Scanning for api listing references
2018-08-15 11:19:33.431 - INFO  [           main] o.a.j.l.DirectJDKLog           : Starting ProtocolHandler ["http-nio-8081"]
2018-08-15 11:19:33.490 - INFO  [           main] o.a.j.l.DirectJDKLog           : Using a shared selector for servlet write/read
2018-08-15 11:19:33.602 - INFO  [           main] o.s.b.w.e.t.TomcatWebServer    : Tomcat started on port(s): 8081 (http) with context path '/springboot'
2018-08-15 11:19:33.616 - INFO  [           main] o.s.b.StartupInfoLogger        : Started SpringbootApplication in 14.229 seconds (JVM running for 19.112)
2018-08-15 11:19:56.575 - INFO  [nio-8081-exec-1] o.a.j.l.DirectJDKLog           : Initializing Spring FrameworkServlet 'dispatcherServlet'
2018-08-15 11:19:56.577 - INFO  [nio-8081-exec-1] o.s.w.s.FrameworkServlet       : FrameworkServlet 'dispatcherServlet': initialization started
2018-08-15 11:19:56.676 - INFO  [nio-8081-exec-1] o.s.w.s.FrameworkServlet       : FrameworkServlet 'dispatcherServlet': initialization completed in 97 ms
2018-08-15 11:19:57.088 - INFO  [nio-8081-exec-1] c.a.d.s.l.Log4j2Impl           : {dataSource-1} inited
2018-08-15 11:19:57.907 - INFO  [nio-8081-exec-1] .b.f.x.XmlBeanDefinitionReader : Loading XML bean definitions from class path resource [org/springframework/jdbc/support/sql-error-codes.xml]
2018-08-15 11:19:58.349 - INFO  [nio-8081-exec-1] o.s.j.s.SQLErrorCodesFactory   : SQLErrorCodes loaded: [DB2, Derby, H2, HDB, HSQL, Informix, MS-SQL, MySQL, Oracle, PostgreSQL, Sybase]
2018-08-15 11:23:04.615 - INFO  [           main] o.s.b.StartupInfoLogger        : Starting SpringbootApplication on DESKTOP-BS23KFK with PID 8832 (F:\ideaspace\springboot\target\classes started by dell in F:\ideaspace\springboot)
2018-08-15 11:23:04.634 - INFO  [           main] o.s.b.SpringApplication        : The following profiles are active: dev
2018-08-15 11:23:04.790 - INFO  [           main] c.s.AbstractApplicationContext : Refreshing org.springframework.boot.web.servlet.context.AnnotationConfigServletWebServerApplicationContext@126253fd: startup date [Wed Aug 15 11:23:04 CST 2018]; root of context hierarchy
2018-08-15 11:23:06.028 - INFO  [           main] epositoryConfigurationDelegate : Multiple Spring Data modules found, entering strict repository configuration mode!
2018-08-15 11:23:07.593 - INFO  [           main] egate$BeanPostProcessorChecker : Bean 'org.springframework.transaction.annotation.ProxyTransactionManagementConfiguration' of type [org.springframework.transaction.annotation.ProxyTransactionManagementConfiguration$$EnhancerBySpringCGLIB$$c9dc18f3] is not eligible for getting processed by all BeanPostProcessors (for example: not eligible for auto-proxying)
2018-08-15 11:23:08.866 - INFO  [           main] o.s.b.w.e.t.TomcatWebServer    : Tomcat initialized with port(s): 8081 (http)
2018-08-15 11:23:08.920 - INFO  [           main] o.a.j.l.DirectJDKLog           : Initializing ProtocolHandler ["http-nio-8081"]
2018-08-15 11:23:08.969 - INFO  [           main] o.a.j.l.DirectJDKLog           : Starting service [Tomcat]
2018-08-15 11:23:08.972 - INFO  [           main] o.a.j.l.DirectJDKLog           : Starting Servlet Engine: Apache Tomcat/8.5.31
2018-08-15 11:23:08.992 - INFO  [ost-startStop-1] o.a.j.l.DirectJDKLog           : The APR based Apache Tomcat Native library which allows optimal performance in production environments was not found on the java.library.path: [C:\Program Files\Java\jdk1.8.0_161\bin;C:\WINDOWS\Sun\Java\bin;C:\WINDOWS\system32;C:\WINDOWS;C:\ProgramData\Oracle\Java\javapath;D:\Oracle\app\oracle\product\10.2.0\server\bin;C:\Program Files (x86)\Java\jdk1.7.0_01\bin;C:\WINDOWS\system32;C:\WINDOWS;C:\WINDOWS\System32\Wbem;C:\WINDOWS\System32\WindowsPowerShell\v1.0\;C:\WINDOWS\System32\OpenSSH\;"C:\Program Files\Java\jdk1.8.0_161\bin;C:\Program Files\Java\jdk1.8.0_161\jre\bin;";D:\Program Files (x86)\maven\apache-maven-3.5.2-bin\apache-maven-3.5.2\bin;C:\Users\dell\AppData\Local\Microsoft\WindowsApps;.]
2018-08-15 11:23:10.010 - INFO  [ost-startStop-1] o.a.j.l.DirectJDKLog           : At least one JAR was scanned for TLDs yet contained no TLDs. Enable debug logging for this logger for a complete list of JARs that were scanned but no TLDs were found in them. Skipping unneeded JARs during scanning can improve startup time and JSP compilation time.
2018-08-15 11:23:10.021 - INFO  [ost-startStop-1] o.a.j.l.DirectJDKLog           : Initializing Spring embedded WebApplicationContext
2018-08-15 11:23:10.022 - INFO  [ost-startStop-1] letWebServerApplicationContext : Root WebApplicationContext: initialization completed in 5236 ms
2018-08-15 11:23:10.715 - INFO  [ost-startStop-1] .b.w.s.ServletRegistrationBean : Servlet dispatcherServlet mapped to [/]
2018-08-15 11:23:10.725 - INFO  [ost-startStop-1] AbstractFilterRegistrationBean : Mapping filter: 'characterEncodingFilter' to: [/*]
2018-08-15 11:23:10.726 - INFO  [ost-startStop-1] AbstractFilterRegistrationBean : Mapping filter: 'hiddenHttpMethodFilter' to: [/*]
2018-08-15 11:23:10.726 - INFO  [ost-startStop-1] AbstractFilterRegistrationBean : Mapping filter: 'httpPutFormContentFilter' to: [/*]
2018-08-15 11:23:10.726 - INFO  [ost-startStop-1] AbstractFilterRegistrationBean : Mapping filter: 'requestContextFilter' to: [/*]
2018-08-15 11:23:13.267 - INFO  [           main] rMethodMapping$MappingRegistry : Mapped "{[/admin/update],methods=[PUT]}" onto public com.djs.springboot.entity.Result com.djs.springboot.controller.AdminController.update(com.djs.springboot.entity.Admin)
2018-08-15 11:23:13.270 - INFO  [           main] rMethodMapping$MappingRegistry : Mapped "{[/admin/delete/{ids}],methods=[DELETE]}" onto public com.djs.springboot.entity.Result com.djs.springboot.controller.AdminController.delete(java.lang.String[])
2018-08-15 11:23:13.271 - INFO  [           main] rMethodMapping$MappingRegistry : Mapped "{[/admin/insert],methods=[POST]}" onto public com.djs.springboot.entity.Result com.djs.springboot.controller.AdminController.insert(com.djs.springboot.entity.Admin)
2018-08-15 11:23:13.273 - INFO  [           main] rMethodMapping$MappingRegistry : Mapped "{[/admin/selectAll],methods=[GET]}" onto public com.djs.springboot.entity.Result com.djs.springboot.controller.AdminController.selectAll()
2018-08-15 11:23:13.275 - INFO  [           main] rMethodMapping$MappingRegistry : Mapped "{[/hello/{name}]}" onto public java.lang.String com.djs.springboot.controller.HelloController.helloName(java.lang.String)
2018-08-15 11:23:13.276 - INFO  [           main] rMethodMapping$MappingRegistry : Mapped "{[/helloworld],methods=[GET]}" onto public java.lang.String com.djs.springboot.controller.HelloController.helloworld() throws java.lang.Exception
2018-08-15 11:23:13.278 - INFO  [           main] rMethodMapping$MappingRegistry : Mapped "{[/user/{id}]}" onto public com.djs.springboot.entity.User com.djs.springboot.controller.UserController.getUser(java.lang.String)
2018-08-15 11:23:13.282 - INFO  [           main] rMethodMapping$MappingRegistry : Mapped "{[/v2/api-docs],methods=[GET],produces=[application/json || application/hal+json]}" onto public org.springframework.http.ResponseEntity<springfox.documentation.spring.web.json.Json> springfox.documentation.swagger2.web.Swagger2Controller.getDocumentation(java.lang.String,javax.servlet.http.HttpServletRequest)
2018-08-15 11:23:13.302 - INFO  [           main] rMethodMapping$MappingRegistry : Mapped "{[/swagger-resources/configuration/security]}" onto org.springframework.http.ResponseEntity<springfox.documentation.swagger.web.SecurityConfiguration> springfox.documentation.swagger.web.ApiResourceController.securityConfiguration()
2018-08-15 11:23:13.304 - INFO  [           main] rMethodMapping$MappingRegistry : Mapped "{[/swagger-resources/configuration/ui]}" onto org.springframework.http.ResponseEntity<springfox.documentation.swagger.web.UiConfiguration> springfox.documentation.swagger.web.ApiResourceController.uiConfiguration()
2018-08-15 11:23:13.306 - INFO  [           main] rMethodMapping$MappingRegistry : Mapped "{[/swagger-resources]}" onto org.springframework.http.ResponseEntity<java.util.List<springfox.documentation.swagger.web.SwaggerResource>> springfox.documentation.swagger.web.ApiResourceController.swaggerResources()
2018-08-15 11:23:13.317 - INFO  [           main] rMethodMapping$MappingRegistry : Mapped "{[/error]}" onto public org.springframework.http.ResponseEntity<java.util.Map<java.lang.String, java.lang.Object>> org.springframework.boot.autoconfigure.web.servlet.error.BasicErrorController.error(javax.servlet.http.HttpServletRequest)
2018-08-15 11:23:13.319 - INFO  [           main] rMethodMapping$MappingRegistry : Mapped "{[/error],produces=[text/html]}" onto public org.springframework.web.servlet.ModelAndView org.springframework.boot.autoconfigure.web.servlet.error.BasicErrorController.errorHtml(javax.servlet.http.HttpServletRequest,javax.servlet.http.HttpServletResponse)
2018-08-15 11:23:13.993 - INFO  [           main] .s.h.AbstractUrlHandlerMapping : Mapped URL path [/**/favicon.ico] onto handler of type [class org.springframework.web.servlet.resource.ResourceHttpRequestHandler]
2018-08-15 11:23:14.726 - INFO  [           main] a.RequestMappingHandlerAdapter : Looking for @ControllerAdvice: org.springframework.boot.web.servlet.context.AnnotationConfigServletWebServerApplicationContext@126253fd: startup date [Wed Aug 15 11:23:04 CST 2018]; root of context hierarchy
2018-08-15 11:23:14.892 - INFO  [           main] .s.h.AbstractUrlHandlerMapping : Mapped URL path [/webjars/**] onto handler of type [class org.springframework.web.servlet.resource.ResourceHttpRequestHandler]
2018-08-15 11:23:14.893 - INFO  [           main] .s.h.AbstractUrlHandlerMapping : Mapped URL path [/**] onto handler of type [class org.springframework.web.servlet.resource.ResourceHttpRequestHandler]
2018-08-15 11:23:15.111 - INFO  [           main] .w.s.WelcomePageHandlerMapping : Adding welcome page template: index
2018-08-15 11:23:16.825 - INFO  [           main] o.s.j.e.MBeanExporter          : Registering beans for JMX exposure on startup
2018-08-15 11:23:16.831 - INFO  [           main] o.s.j.e.MBeanExporter          : Bean with name 'dataSource' has been autodetected for JMX exposure
2018-08-15 11:23:16.852 - INFO  [           main] o.s.j.e.MBeanExporter          : Located MBean 'dataSource': registering with JMX server as MBean [com.alibaba.druid.pool:name=dataSource,type=DruidDataSource]
2018-08-15 11:23:16.867 - INFO  [           main] ecycleProcessor$LifecycleGroup : Starting beans in phase 2147483647
2018-08-15 11:23:16.868 - INFO  [           main] cumentationPluginsBootstrapper : Context refreshed
2018-08-15 11:23:16.926 - INFO  [           main] cumentationPluginsBootstrapper : Found 1 custom documentation plugin(s)
2018-08-15 11:23:16.966 - INFO  [           main] w.s.ApiListingReferenceScanner : Scanning for api listing references
2018-08-15 11:23:17.725 - INFO  [           main] o.a.j.l.DirectJDKLog           : Starting ProtocolHandler ["http-nio-8081"]
2018-08-15 11:23:17.774 - INFO  [           main] o.a.j.l.DirectJDKLog           : Using a shared selector for servlet write/read
2018-08-15 11:23:17.878 - INFO  [           main] o.s.b.w.e.t.TomcatWebServer    : Tomcat started on port(s): 8081 (http) with context path '/springboot'
2018-08-15 11:23:17.893 - INFO  [           main] o.s.b.StartupInfoLogger        : Started SpringbootApplication in 14.483 seconds (JVM running for 19.038)
2018-08-15 11:23:26.098 - INFO  [nio-8081-exec-1] o.a.j.l.DirectJDKLog           : Initializing Spring FrameworkServlet 'dispatcherServlet'
2018-08-15 11:23:26.098 - INFO  [nio-8081-exec-1] o.s.w.s.FrameworkServlet       : FrameworkServlet 'dispatcherServlet': initialization started
2018-08-15 11:23:26.161 - INFO  [nio-8081-exec-1] o.s.w.s.FrameworkServlet       : FrameworkServlet 'dispatcherServlet': initialization completed in 62 ms
2018-08-15 11:23:26.472 - INFO  [nio-8081-exec-1] c.a.d.s.l.Log4j2Impl           : {dataSource-1} inited
