2018.08.14 at 10:58:13 CST INFO  org.springframework.boot.StartupInfoLogger logStarting() @50 - Starting SpringbootApplication on DESKTOP-BS23KFK with PID 15044 (F:\ideaspace\springboot\target\classes started by dell in F:\ideaspace\springboot)
2018.08.14 at 10:58:13 CST INFO  org.springframework.boot.SpringApplication logStartupProfileInfo() @666 - The following profiles are active: dev
2018.08.14 at 10:58:13 CST INFO  org.springframework.context.support.AbstractApplicationContext prepareRefresh() @590 - Refreshing org.springframework.boot.web.servlet.context.AnnotationConfigServletWebServerApplicationContext@5f9edf14: startup date [Tue Aug 14 10:58:13 CST 2018]; root of context hierarchy
2018.08.14 at 10:58:15 CST WARN  org.mybatis.spring.mapper.ClassPathMapperScanner doScan() @166 - No MyBatis mapper was found in '[com.djs.mapper]' package. Please check your configuration.
2018.08.14 at 10:58:15 CST INFO  org.springframework.data.repository.config.RepositoryConfigurationDelegate multipleStoresDetected() @163 - Multiple Spring Data modules found, entering strict repository configuration mode!
2018.08.14 at 10:58:16 CST INFO  org.springframework.context.support.PostProcessorRegistrationDelegate$BeanPostProcessorChecker postProcessAfterInitialization() @326 - Bean 'org.springframework.transaction.annotation.ProxyTransactionManagementConfiguration' of type [org.springframework.transaction.annotation.ProxyTransactionManagementConfiguration$$EnhancerBySpringCGLIB$$a732fdf8] is not eligible for getting processed by all BeanPostProcessors (for example: not eligible for auto-proxying)
2018.08.14 at 10:58:18 CST INFO  org.springframework.boot.web.embedded.tomcat.TomcatWebServer initialize() @91 - Tomcat initialized with port(s): 8081 (http)
2018.08.14 at 10:58:18 CST INFO  org.apache.juli.logging.DirectJDKLog log() @180 - Initializing ProtocolHandler ["http-nio-8081"]
2018.08.14 at 10:58:18 CST INFO  org.apache.juli.logging.DirectJDKLog log() @180 - Starting service [Tomcat]
2018.08.14 at 10:58:18 CST INFO  org.apache.juli.logging.DirectJDKLog log() @180 - Starting Servlet Engine: Apache Tomcat/8.5.32
2018.08.14 at 10:58:18 CST INFO  org.apache.juli.logging.DirectJDKLog log() @180 - The APR based Apache Tomcat Native library which allows optimal performance in production environments was not found on the java.library.path: [C:\Program Files\Java\jdk1.8.0_161\bin;C:\WINDOWS\Sun\Java\bin;C:\WINDOWS\system32;C:\WINDOWS;C:\ProgramData\Oracle\Java\javapath;D:\Oracle\app\oracle\product\10.2.0\server\bin;C:\Program Files (x86)\Java\jdk1.7.0_01\bin;C:\WINDOWS\system32;C:\WINDOWS;C:\WINDOWS\System32\Wbem;C:\WINDOWS\System32\WindowsPowerShell\v1.0\;C:\WINDOWS\System32\OpenSSH\;"C:\Program Files\Java\jdk1.8.0_161\bin;C:\Program Files\Java\jdk1.8.0_161\jre\bin;";D:\Program Files (x86)\maven\apache-maven-3.5.2-bin\apache-maven-3.5.2\bin;C:\Users\dell\AppData\Local\Microsoft\WindowsApps;.]
2018.08.14 at 10:58:19 CST INFO  org.apache.juli.logging.DirectJDKLog log() @180 - At least one JAR was scanned for TLDs yet contained no TLDs. Enable debug logging for this logger for a complete list of JARs that were scanned but no TLDs were found in them. Skipping unneeded JARs during scanning can improve startup time and JSP compilation time.
2018.08.14 at 10:58:19 CST INFO  org.apache.juli.logging.DirectJDKLog log() @180 - Initializing Spring embedded WebApplicationContext
2018.08.14 at 10:58:19 CST INFO  org.springframework.boot.web.servlet.context.ServletWebServerApplicationContext prepareWebApplicationContext() @285 - Root WebApplicationContext: initialization completed in 6621 ms
2018.08.14 at 10:58:20 CST INFO  org.springframework.boot.web.servlet.ServletRegistrationBean addRegistration() @187 - Servlet dispatcherServlet mapped to [/]
2018.08.14 at 10:58:20 CST INFO  org.springframework.boot.web.servlet.AbstractFilterRegistrationBean configure() @245 - Mapping filter: 'characterEncodingFilter' to: [/*]
2018.08.14 at 10:58:20 CST INFO  org.springframework.boot.web.servlet.AbstractFilterRegistrationBean configure() @245 - Mapping filter: 'hiddenHttpMethodFilter' to: [/*]
2018.08.14 at 10:58:20 CST INFO  org.springframework.boot.web.servlet.AbstractFilterRegistrationBean configure() @245 - Mapping filter: 'httpPutFormContentFilter' to: [/*]
2018.08.14 at 10:58:20 CST INFO  org.springframework.boot.web.servlet.AbstractFilterRegistrationBean configure() @245 - Mapping filter: 'requestContextFilter' to: [/*]
2018.08.14 at 10:58:23 CST INFO  org.springframework.web.servlet.handler.AbstractHandlerMethodMapping$MappingRegistry register() @547 - Mapped "{[/admin/update],methods=[PUT]}" onto public void com.djs.springboot.controller.AdminController.update(com.djs.springboot.entity.Admin)
2018.08.14 at 10:58:23 CST INFO  org.springframework.web.servlet.handler.AbstractHandlerMethodMapping$MappingRegistry register() @547 - Mapped "{[/admin/delete/{ids}],methods=[DELETE]}" onto public void com.djs.springboot.controller.AdminController.delete(java.lang.String[])
2018.08.14 at 10:58:23 CST INFO  org.springframework.web.servlet.handler.AbstractHandlerMethodMapping$MappingRegistry register() @547 - Mapped "{[/admin/insert],methods=[POST]}" onto public void com.djs.springboot.controller.AdminController.insert(com.djs.springboot.entity.Admin)
2018.08.14 at 10:58:23 CST INFO  org.springframework.web.servlet.handler.AbstractHandlerMethodMapping$MappingRegistry register() @547 - Mapped "{[/admin/selectAll],methods=[GET]}" onto public com.djs.springboot.entity.Result com.djs.springboot.controller.AdminController.selectAll()
2018.08.14 at 10:58:23 CST INFO  org.springframework.web.servlet.handler.AbstractHandlerMethodMapping$MappingRegistry register() @547 - Mapped "{[/hello/{name}]}" onto public java.lang.String com.djs.springboot.controller.HelloController.helloName(java.lang.String)
2018.08.14 at 10:58:23 CST INFO  org.springframework.web.servlet.handler.AbstractHandlerMethodMapping$MappingRegistry register() @547 - Mapped "{[/]}" onto public java.lang.String com.djs.springboot.controller.HelloController.helloworld()
2018.08.14 at 10:58:23 CST INFO  org.springframework.web.servlet.handler.AbstractHandlerMethodMapping$MappingRegistry register() @547 - Mapped "{[/user/{id}]}" onto public com.djs.springboot.entity.User com.djs.springboot.controller.UserController.getUser(java.lang.String)
2018.08.14 at 10:58:23 CST INFO  org.springframework.web.servlet.handler.AbstractHandlerMethodMapping$MappingRegistry register() @547 - Mapped "{[/v2/api-docs],methods=[GET],produces=[application/json || application/hal+json]}" onto public org.springframework.http.ResponseEntity<springfox.documentation.spring.web.json.Json> springfox.documentation.swagger2.web.Swagger2Controller.getDocumentation(java.lang.String,javax.servlet.http.HttpServletRequest)
2018.08.14 at 10:58:23 CST INFO  org.springframework.web.servlet.handler.AbstractHandlerMethodMapping$MappingRegistry register() @547 - Mapped "{[/swagger-resources/configuration/ui]}" onto org.springframework.http.ResponseEntity<springfox.documentation.swagger.web.UiConfiguration> springfox.documentation.swagger.web.ApiResourceController.uiConfiguration()
2018.08.14 at 10:58:23 CST INFO  org.springframework.web.servlet.handler.AbstractHandlerMethodMapping$MappingRegistry register() @547 - Mapped "{[/swagger-resources]}" onto org.springframework.http.ResponseEntity<java.util.List<springfox.documentation.swagger.web.SwaggerResource>> springfox.documentation.swagger.web.ApiResourceController.swaggerResources()
2018.08.14 at 10:58:23 CST INFO  org.springframework.web.servlet.handler.AbstractHandlerMethodMapping$MappingRegistry register() @547 - Mapped "{[/swagger-resources/configuration/security]}" onto org.springframework.http.ResponseEntity<springfox.documentation.swagger.web.SecurityConfiguration> springfox.documentation.swagger.web.ApiResourceController.securityConfiguration()
2018.08.14 at 10:58:23 CST INFO  org.springframework.web.servlet.handler.AbstractHandlerMethodMapping$MappingRegistry register() @547 - Mapped "{[/error]}" onto public org.springframework.http.ResponseEntity<java.util.Map<java.lang.String, java.lang.Object>> org.springframework.boot.autoconfigure.web.servlet.error.BasicErrorController.error(javax.servlet.http.HttpServletRequest)
2018.08.14 at 10:58:23 CST INFO  org.springframework.web.servlet.handler.AbstractHandlerMethodMapping$MappingRegistry register() @547 - Mapped "{[/error],produces=[text/html]}" onto public org.springframework.web.servlet.ModelAndView org.springframework.boot.autoconfigure.web.servlet.error.BasicErrorController.errorHtml(javax.servlet.http.HttpServletRequest,javax.servlet.http.HttpServletResponse)
2018.08.14 at 10:58:24 CST INFO  org.springframework.web.servlet.handler.AbstractUrlHandlerMapping registerHandler() @373 - Mapped URL path [/**/favicon.ico] onto handler of type [class org.springframework.web.servlet.resource.ResourceHttpRequestHandler]
2018.08.14 at 10:58:24 CST INFO  org.springframework.web.servlet.mvc.method.annotation.RequestMappingHandlerAdapter initControllerAdviceCache() @574 - Looking for @ControllerAdvice: org.springframework.boot.web.servlet.context.AnnotationConfigServletWebServerApplicationContext@5f9edf14: startup date [Tue Aug 14 10:58:13 CST 2018]; root of context hierarchy
2018.08.14 at 10:58:24 CST INFO  org.springframework.web.servlet.handler.AbstractUrlHandlerMapping registerHandler() @373 - Mapped URL path [/webjars/**] onto handler of type [class org.springframework.web.servlet.resource.ResourceHttpRequestHandler]
2018.08.14 at 10:58:24 CST INFO  org.springframework.web.servlet.handler.AbstractUrlHandlerMapping registerHandler() @373 - Mapped URL path [/**] onto handler of type [class org.springframework.web.servlet.resource.ResourceHttpRequestHandler]
2018.08.14 at 10:58:25 CST INFO  org.springframework.boot.autoconfigure.web.servlet.WelcomePageHandlerMapping <init>() @61 - Adding welcome page template: index
2018.08.14 at 10:58:26 CST INFO  org.springframework.jmx.export.MBeanExporter afterSingletonsInstantiated() @433 - Registering beans for JMX exposure on startup
2018.08.14 at 10:58:27 CST INFO  org.springframework.jmx.export.MBeanExporter autodetect() @895 - Bean with name 'dataSource' has been autodetected for JMX exposure
2018.08.14 at 10:58:27 CST INFO  org.springframework.jmx.export.MBeanExporter registerBeanInstance() @668 - Located MBean 'dataSource': registering with JMX server as MBean [com.alibaba.druid.pool:name=dataSource,type=DruidDataSource]
2018.08.14 at 10:58:27 CST INFO  org.springframework.context.support.DefaultLifecycleProcessor$LifecycleGroup start() @351 - Starting beans in phase 2147483647
2018.08.14 at 10:58:27 CST INFO  springfox.documentation.spring.web.plugins.DocumentationPluginsBootstrapper start() @120 - Context refreshed
2018.08.14 at 10:58:27 CST INFO  springfox.documentation.spring.web.plugins.DocumentationPluginsBootstrapper start() @123 - Found 1 custom documentation plugin(s)
2018.08.14 at 10:58:27 CST INFO  springfox.documentation.spring.web.scanners.ApiListingReferenceScanner scan() @41 - Scanning for api listing references
2018.08.14 at 10:58:28 CST INFO  org.apache.juli.logging.DirectJDKLog log() @180 - Starting ProtocolHandler ["http-nio-8081"]
2018.08.14 at 10:58:28 CST INFO  org.apache.juli.logging.DirectJDKLog log() @180 - Using a shared selector for servlet write/read
2018.08.14 at 10:58:28 CST INFO  org.springframework.boot.web.embedded.tomcat.TomcatWebServer start() @206 - Tomcat started on port(s): 8081 (http) with context path '/springboot'
2018.08.14 at 10:58:28 CST INFO  org.springframework.boot.StartupInfoLogger logStarted() @59 - Started SpringbootApplication in 17.621 seconds (JVM running for 21.831)
2018.08.14 at 10:58:51 CST INFO  org.springframework.boot.StartupInfoLogger logStarting() @50 - Starting SpringbootApplication on DESKTOP-BS23KFK with PID 12844 (F:\ideaspace\springboot\target\classes started by dell in F:\ideaspace\springboot)
2018.08.14 at 10:58:51 CST INFO  org.springframework.boot.SpringApplication logStartupProfileInfo() @666 - The following profiles are active: dev
2018.08.14 at 10:58:51 CST INFO  org.springframework.context.support.AbstractApplicationContext prepareRefresh() @590 - Refreshing org.springframework.boot.web.servlet.context.AnnotationConfigServletWebServerApplicationContext@68746f22: startup date [Tue Aug 14 10:58:51 CST 2018]; root of context hierarchy
2018.08.14 at 10:58:52 CST WARN  org.mybatis.spring.mapper.ClassPathMapperScanner doScan() @166 - No MyBatis mapper was found in '[com.djs.mapper]' package. Please check your configuration.
2018.08.14 at 10:58:53 CST INFO  org.springframework.data.repository.config.RepositoryConfigurationDelegate multipleStoresDetected() @163 - Multiple Spring Data modules found, entering strict repository configuration mode!
2018.08.14 at 10:58:54 CST INFO  org.springframework.context.support.PostProcessorRegistrationDelegate$BeanPostProcessorChecker postProcessAfterInitialization() @326 - Bean 'org.springframework.transaction.annotation.ProxyTransactionManagementConfiguration' of type [org.springframework.transaction.annotation.ProxyTransactionManagementConfiguration$$EnhancerBySpringCGLIB$$b157cb91] is not eligible for getting processed by all BeanPostProcessors (for example: not eligible for auto-proxying)
2018.08.14 at 10:58:56 CST INFO  org.springframework.boot.web.embedded.tomcat.TomcatWebServer initialize() @91 - Tomcat initialized with port(s): 8081 (http)
2018.08.14 at 10:58:56 CST INFO  org.apache.juli.logging.DirectJDKLog log() @180 - Initializing ProtocolHandler ["http-nio-8081"]
2018.08.14 at 10:58:56 CST INFO  org.apache.juli.logging.DirectJDKLog log() @180 - Starting service [Tomcat]
2018.08.14 at 10:58:56 CST INFO  org.apache.juli.logging.DirectJDKLog log() @180 - Starting Servlet Engine: Apache Tomcat/8.5.32
2018.08.14 at 10:58:56 CST INFO  org.apache.juli.logging.DirectJDKLog log() @180 - The APR based Apache Tomcat Native library which allows optimal performance in production environments was not found on the java.library.path: [C:\Program Files\Java\jdk1.8.0_161\bin;C:\WINDOWS\Sun\Java\bin;C:\WINDOWS\system32;C:\WINDOWS;C:\ProgramData\Oracle\Java\javapath;D:\Oracle\app\oracle\product\10.2.0\server\bin;C:\Program Files (x86)\Java\jdk1.7.0_01\bin;C:\WINDOWS\system32;C:\WINDOWS;C:\WINDOWS\System32\Wbem;C:\WINDOWS\System32\WindowsPowerShell\v1.0\;C:\WINDOWS\System32\OpenSSH\;"C:\Program Files\Java\jdk1.8.0_161\bin;C:\Program Files\Java\jdk1.8.0_161\jre\bin;";D:\Program Files (x86)\maven\apache-maven-3.5.2-bin\apache-maven-3.5.2\bin;C:\Users\dell\AppData\Local\Microsoft\WindowsApps;.]
2018.08.14 at 10:58:57 CST INFO  org.apache.juli.logging.DirectJDKLog log() @180 - At least one JAR was scanned for TLDs yet contained no TLDs. Enable debug logging for this logger for a complete list of JARs that were scanned but no TLDs were found in them. Skipping unneeded JARs during scanning can improve startup time and JSP compilation time.
2018.08.14 at 10:58:57 CST INFO  org.apache.juli.logging.DirectJDKLog log() @180 - Initializing Spring embedded WebApplicationContext
2018.08.14 at 10:58:57 CST INFO  org.springframework.boot.web.servlet.context.ServletWebServerApplicationContext prepareWebApplicationContext() @285 - Root WebApplicationContext: initialization completed in 5261 ms
2018.08.14 at 10:58:57 CST INFO  org.springframework.boot.web.servlet.ServletRegistrationBean addRegistration() @187 - Servlet dispatcherServlet mapped to [/]
2018.08.14 at 10:58:57 CST INFO  org.springframework.boot.web.servlet.AbstractFilterRegistrationBean configure() @245 - Mapping filter: 'characterEncodingFilter' to: [/*]
2018.08.14 at 10:58:57 CST INFO  org.springframework.boot.web.servlet.AbstractFilterRegistrationBean configure() @245 - Mapping filter: 'hiddenHttpMethodFilter' to: [/*]
2018.08.14 at 10:58:57 CST INFO  org.springframework.boot.web.servlet.AbstractFilterRegistrationBean configure() @245 - Mapping filter: 'httpPutFormContentFilter' to: [/*]
2018.08.14 at 10:58:57 CST INFO  org.springframework.boot.web.servlet.AbstractFilterRegistrationBean configure() @245 - Mapping filter: 'requestContextFilter' to: [/*]
2018.08.14 at 10:59:00 CST INFO  org.springframework.web.servlet.handler.AbstractHandlerMethodMapping$MappingRegistry register() @547 - Mapped "{[/admin/update],methods=[PUT]}" onto public void com.djs.springboot.controller.AdminController.update(com.djs.springboot.entity.Admin)
2018.08.14 at 10:59:00 CST INFO  org.springframework.web.servlet.handler.AbstractHandlerMethodMapping$MappingRegistry register() @547 - Mapped "{[/admin/delete/{ids}],methods=[DELETE]}" onto public void com.djs.springboot.controller.AdminController.delete(java.lang.String[])
2018.08.14 at 10:59:00 CST INFO  org.springframework.web.servlet.handler.AbstractHandlerMethodMapping$MappingRegistry register() @547 - Mapped "{[/admin/insert],methods=[POST]}" onto public void com.djs.springboot.controller.AdminController.insert(com.djs.springboot.entity.Admin)
2018.08.14 at 10:59:00 CST INFO  org.springframework.web.servlet.handler.AbstractHandlerMethodMapping$MappingRegistry register() @547 - Mapped "{[/admin/selectAll],methods=[GET]}" onto public com.djs.springboot.entity.Result com.djs.springboot.controller.AdminController.selectAll()
2018.08.14 at 10:59:00 CST INFO  org.springframework.web.servlet.handler.AbstractHandlerMethodMapping$MappingRegistry register() @547 - Mapped "{[/hello/{name}]}" onto public java.lang.String com.djs.springboot.controller.HelloController.helloName(java.lang.String)
2018.08.14 at 10:59:00 CST INFO  org.springframework.web.servlet.handler.AbstractHandlerMethodMapping$MappingRegistry register() @547 - Mapped "{[/]}" onto public java.lang.String com.djs.springboot.controller.HelloController.helloworld()
2018.08.14 at 10:59:00 CST INFO  org.springframework.web.servlet.handler.AbstractHandlerMethodMapping$MappingRegistry register() @547 - Mapped "{[/user/{id}]}" onto public com.djs.springboot.entity.User com.djs.springboot.controller.UserController.getUser(java.lang.String)
2018.08.14 at 10:59:00 CST INFO  org.springframework.web.servlet.handler.AbstractHandlerMethodMapping$MappingRegistry register() @547 - Mapped "{[/v2/api-docs],methods=[GET],produces=[application/json || application/hal+json]}" onto public org.springframework.http.ResponseEntity<springfox.documentation.spring.web.json.Json> springfox.documentation.swagger2.web.Swagger2Controller.getDocumentation(java.lang.String,javax.servlet.http.HttpServletRequest)
2018.08.14 at 10:59:00 CST INFO  org.springframework.web.servlet.handler.AbstractHandlerMethodMapping$MappingRegistry register() @547 - Mapped "{[/swagger-resources/configuration/security]}" onto org.springframework.http.ResponseEntity<springfox.documentation.swagger.web.SecurityConfiguration> springfox.documentation.swagger.web.ApiResourceController.securityConfiguration()
2018.08.14 at 10:59:00 CST INFO  org.springframework.web.servlet.handler.AbstractHandlerMethodMapping$MappingRegistry register() @547 - Mapped "{[/swagger-resources]}" onto org.springframework.http.ResponseEntity<java.util.List<springfox.documentation.swagger.web.SwaggerResource>> springfox.documentation.swagger.web.ApiResourceController.swaggerResources()
2018.08.14 at 10:59:00 CST INFO  org.springframework.web.servlet.handler.AbstractHandlerMethodMapping$MappingRegistry register() @547 - Mapped "{[/swagger-resources/configuration/ui]}" onto org.springframework.http.ResponseEntity<springfox.documentation.swagger.web.UiConfiguration> springfox.documentation.swagger.web.ApiResourceController.uiConfiguration()
2018.08.14 at 10:59:00 CST INFO  org.springframework.web.servlet.handler.AbstractHandlerMethodMapping$MappingRegistry register() @547 - Mapped "{[/error]}" onto public org.springframework.http.ResponseEntity<java.util.Map<java.lang.String, java.lang.Object>> org.springframework.boot.autoconfigure.web.servlet.error.BasicErrorController.error(javax.servlet.http.HttpServletRequest)
2018.08.14 at 10:59:00 CST INFO  org.springframework.web.servlet.handler.AbstractHandlerMethodMapping$MappingRegistry register() @547 - Mapped "{[/error],produces=[text/html]}" onto public org.springframework.web.servlet.ModelAndView org.springframework.boot.autoconfigure.web.servlet.error.BasicErrorController.errorHtml(javax.servlet.http.HttpServletRequest,javax.servlet.http.HttpServletResponse)
2018.08.14 at 10:59:01 CST INFO  org.springframework.web.servlet.handler.AbstractUrlHandlerMapping registerHandler() @373 - Mapped URL path [/**/favicon.ico] onto handler of type [class org.springframework.web.servlet.resource.ResourceHttpRequestHandler]
2018.08.14 at 10:59:01 CST INFO  org.springframework.web.servlet.mvc.method.annotation.RequestMappingHandlerAdapter initControllerAdviceCache() @574 - Looking for @ControllerAdvice: org.springframework.boot.web.servlet.context.AnnotationConfigServletWebServerApplicationContext@68746f22: startup date [Tue Aug 14 10:58:51 CST 2018]; root of context hierarchy
2018.08.14 at 10:59:01 CST INFO  org.springframework.web.servlet.handler.AbstractUrlHandlerMapping registerHandler() @373 - Mapped URL path [/webjars/**] onto handler of type [class org.springframework.web.servlet.resource.ResourceHttpRequestHandler]
2018.08.14 at 10:59:01 CST INFO  org.springframework.web.servlet.handler.AbstractUrlHandlerMapping registerHandler() @373 - Mapped URL path [/**] onto handler of type [class org.springframework.web.servlet.resource.ResourceHttpRequestHandler]
2018.08.14 at 10:59:02 CST INFO  org.springframework.boot.autoconfigure.web.servlet.WelcomePageHandlerMapping <init>() @61 - Adding welcome page template: index
2018.08.14 at 10:59:04 CST INFO  org.springframework.jmx.export.MBeanExporter afterSingletonsInstantiated() @433 - Registering beans for JMX exposure on startup
2018.08.14 at 10:59:04 CST INFO  org.springframework.jmx.export.MBeanExporter autodetect() @895 - Bean with name 'dataSource' has been autodetected for JMX exposure
2018.08.14 at 10:59:04 CST INFO  org.springframework.jmx.export.MBeanExporter registerBeanInstance() @668 - Located MBean 'dataSource': registering with JMX server as MBean [com.alibaba.druid.pool:name=dataSource,type=DruidDataSource]
2018.08.14 at 10:59:04 CST INFO  org.springframework.context.support.DefaultLifecycleProcessor$LifecycleGroup start() @351 - Starting beans in phase 2147483647
2018.08.14 at 10:59:04 CST INFO  springfox.documentation.spring.web.plugins.DocumentationPluginsBootstrapper start() @120 - Context refreshed
2018.08.14 at 10:59:04 CST INFO  springfox.documentation.spring.web.plugins.DocumentationPluginsBootstrapper start() @123 - Found 1 custom documentation plugin(s)
2018.08.14 at 10:59:04 CST INFO  springfox.documentation.spring.web.scanners.ApiListingReferenceScanner scan() @41 - Scanning for api listing references
2018.08.14 at 10:59:05 CST INFO  org.apache.juli.logging.DirectJDKLog log() @180 - Starting ProtocolHandler ["http-nio-8081"]
2018.08.14 at 10:59:05 CST INFO  org.apache.juli.logging.DirectJDKLog log() @180 - Using a shared selector for servlet write/read
2018.08.14 at 10:59:05 CST INFO  org.springframework.boot.web.embedded.tomcat.TomcatWebServer start() @206 - Tomcat started on port(s): 8081 (http) with context path '/springboot'
2018.08.14 at 10:59:05 CST INFO  org.springframework.boot.StartupInfoLogger logStarted() @59 - Started SpringbootApplication in 16.007 seconds (JVM running for 19.894)
2018.08.14 at 11:05:29 CST INFO  org.springframework.boot.StartupInfoLogger logStarting() @50 - Starting SpringbootApplication on DESKTOP-BS23KFK with PID 19060 (F:\ideaspace\springboot\target\classes started by dell in F:\ideaspace\springboot)
2018.08.14 at 11:05:29 CST INFO  org.springframework.boot.SpringApplication logStartupProfileInfo() @666 - The following profiles are active: dev
2018.08.14 at 11:05:29 CST INFO  org.springframework.context.support.AbstractApplicationContext prepareRefresh() @590 - Refreshing org.springframework.boot.web.servlet.context.AnnotationConfigServletWebServerApplicationContext@6c7a164b: startup date [Tue Aug 14 11:05:29 CST 2018]; root of context hierarchy
2018.08.14 at 11:05:30 CST WARN  org.mybatis.spring.mapper.ClassPathMapperScanner doScan() @166 - No MyBatis mapper was found in '[com.djs.mapper]' package. Please check your configuration.
2018.08.14 at 11:05:31 CST INFO  org.springframework.data.repository.config.RepositoryConfigurationDelegate multipleStoresDetected() @163 - Multiple Spring Data modules found, entering strict repository configuration mode!
2018.08.14 at 11:05:32 CST INFO  org.springframework.context.support.PostProcessorRegistrationDelegate$BeanPostProcessorChecker postProcessAfterInitialization() @326 - Bean 'org.springframework.transaction.annotation.ProxyTransactionManagementConfiguration' of type [org.springframework.transaction.annotation.ProxyTransactionManagementConfiguration$$EnhancerBySpringCGLIB$$3cada48e] is not eligible for getting processed by all BeanPostProcessors (for example: not eligible for auto-proxying)
2018.08.14 at 11:05:34 CST INFO  org.springframework.boot.web.embedded.tomcat.TomcatWebServer initialize() @91 - Tomcat initialized with port(s): 8081 (http)
2018.08.14 at 11:05:34 CST INFO  org.apache.juli.logging.DirectJDKLog log() @180 - Initializing ProtocolHandler ["http-nio-8081"]
2018.08.14 at 11:05:34 CST INFO  org.apache.juli.logging.DirectJDKLog log() @180 - Starting service [Tomcat]
2018.08.14 at 11:05:34 CST INFO  org.apache.juli.logging.DirectJDKLog log() @180 - Starting Servlet Engine: Apache Tomcat/8.5.32
2018.08.14 at 11:05:34 CST INFO  org.apache.juli.logging.DirectJDKLog log() @180 - The APR based Apache Tomcat Native library which allows optimal performance in production environments was not found on the java.library.path: [C:\Program Files\Java\jdk1.8.0_161\bin;C:\WINDOWS\Sun\Java\bin;C:\WINDOWS\system32;C:\WINDOWS;C:\ProgramData\Oracle\Java\javapath;D:\Oracle\app\oracle\product\10.2.0\server\bin;C:\Program Files (x86)\Java\jdk1.7.0_01\bin;C:\WINDOWS\system32;C:\WINDOWS;C:\WINDOWS\System32\Wbem;C:\WINDOWS\System32\WindowsPowerShell\v1.0\;C:\WINDOWS\System32\OpenSSH\;"C:\Program Files\Java\jdk1.8.0_161\bin;C:\Program Files\Java\jdk1.8.0_161\jre\bin;";D:\Program Files (x86)\maven\apache-maven-3.5.2-bin\apache-maven-3.5.2\bin;C:\Users\dell\AppData\Local\Microsoft\WindowsApps;.]
2018.08.14 at 11:05:35 CST INFO  org.apache.juli.logging.DirectJDKLog log() @180 - At least one JAR was scanned for TLDs yet contained no TLDs. Enable debug logging for this logger for a complete list of JARs that were scanned but no TLDs were found in them. Skipping unneeded JARs during scanning can improve startup time and JSP compilation time.
2018.08.14 at 11:05:35 CST INFO  org.apache.juli.logging.DirectJDKLog log() @180 - Initializing Spring embedded WebApplicationContext
2018.08.14 at 11:05:35 CST INFO  org.springframework.boot.web.servlet.context.ServletWebServerApplicationContext prepareWebApplicationContext() @285 - Root WebApplicationContext: initialization completed in 5924 ms
2018.08.14 at 11:05:35 CST INFO  org.springframework.boot.web.servlet.ServletRegistrationBean addRegistration() @187 - Servlet dispatcherServlet mapped to [/]
2018.08.14 at 11:05:35 CST INFO  org.springframework.boot.web.servlet.AbstractFilterRegistrationBean configure() @245 - Mapping filter: 'characterEncodingFilter' to: [/*]
2018.08.14 at 11:05:35 CST INFO  org.springframework.boot.web.servlet.AbstractFilterRegistrationBean configure() @245 - Mapping filter: 'hiddenHttpMethodFilter' to: [/*]
2018.08.14 at 11:05:35 CST INFO  org.springframework.boot.web.servlet.AbstractFilterRegistrationBean configure() @245 - Mapping filter: 'httpPutFormContentFilter' to: [/*]
2018.08.14 at 11:05:35 CST INFO  org.springframework.boot.web.servlet.AbstractFilterRegistrationBean configure() @245 - Mapping filter: 'requestContextFilter' to: [/*]
2018.08.14 at 11:05:37 CST INFO  org.springframework.web.servlet.handler.AbstractHandlerMethodMapping$MappingRegistry register() @547 - Mapped "{[/admin/update],methods=[PUT]}" onto public void com.djs.springboot.controller.AdminController.update(com.djs.springboot.entity.Admin)
2018.08.14 at 11:05:37 CST INFO  org.springframework.web.servlet.handler.AbstractHandlerMethodMapping$MappingRegistry register() @547 - Mapped "{[/admin/delete/{ids}],methods=[DELETE]}" onto public void com.djs.springboot.controller.AdminController.delete(java.lang.String[])
2018.08.14 at 11:05:37 CST INFO  org.springframework.web.servlet.handler.AbstractHandlerMethodMapping$MappingRegistry register() @547 - Mapped "{[/admin/insert],methods=[POST]}" onto public void com.djs.springboot.controller.AdminController.insert(com.djs.springboot.entity.Admin)
2018.08.14 at 11:05:37 CST INFO  org.springframework.web.servlet.handler.AbstractHandlerMethodMapping$MappingRegistry register() @547 - Mapped "{[/admin/selectAll],methods=[GET]}" onto public com.djs.springboot.entity.Result com.djs.springboot.controller.AdminController.selectAll()
2018.08.14 at 11:05:37 CST INFO  org.springframework.web.servlet.handler.AbstractHandlerMethodMapping$MappingRegistry register() @547 - Mapped "{[/hello/{name}]}" onto public java.lang.String com.djs.springboot.controller.HelloController.helloName(java.lang.String)
2018.08.14 at 11:05:37 CST INFO  org.springframework.web.servlet.handler.AbstractHandlerMethodMapping$MappingRegistry register() @547 - Mapped "{[/]}" onto public java.lang.String com.djs.springboot.controller.HelloController.helloworld()
2018.08.14 at 11:05:37 CST INFO  org.springframework.web.servlet.handler.AbstractHandlerMethodMapping$MappingRegistry register() @547 - Mapped "{[/user/{id}]}" onto public com.djs.springboot.entity.User com.djs.springboot.controller.UserController.getUser(java.lang.String)
2018.08.14 at 11:05:37 CST INFO  org.springframework.web.servlet.handler.AbstractHandlerMethodMapping$MappingRegistry register() @547 - Mapped "{[/v2/api-docs],methods=[GET],produces=[application/json || application/hal+json]}" onto public org.springframework.http.ResponseEntity<springfox.documentation.spring.web.json.Json> springfox.documentation.swagger2.web.Swagger2Controller.getDocumentation(java.lang.String,javax.servlet.http.HttpServletRequest)
2018.08.14 at 11:05:37 CST INFO  org.springframework.web.servlet.handler.AbstractHandlerMethodMapping$MappingRegistry register() @547 - Mapped "{[/swagger-resources]}" onto org.springframework.http.ResponseEntity<java.util.List<springfox.documentation.swagger.web.SwaggerResource>> springfox.documentation.swagger.web.ApiResourceController.swaggerResources()
2018.08.14 at 11:05:37 CST INFO  org.springframework.web.servlet.handler.AbstractHandlerMethodMapping$MappingRegistry register() @547 - Mapped "{[/swagger-resources/configuration/ui]}" onto org.springframework.http.ResponseEntity<springfox.documentation.swagger.web.UiConfiguration> springfox.documentation.swagger.web.ApiResourceController.uiConfiguration()
2018.08.14 at 11:05:37 CST INFO  org.springframework.web.servlet.handler.AbstractHandlerMethodMapping$MappingRegistry register() @547 - Mapped "{[/swagger-resources/configuration/security]}" onto org.springframework.http.ResponseEntity<springfox.documentation.swagger.web.SecurityConfiguration> springfox.documentation.swagger.web.ApiResourceController.securityConfiguration()
2018.08.14 at 11:05:37 CST INFO  org.springframework.web.servlet.handler.AbstractHandlerMethodMapping$MappingRegistry register() @547 - Mapped "{[/error]}" onto public org.springframework.http.ResponseEntity<java.util.Map<java.lang.String, java.lang.Object>> org.springframework.boot.autoconfigure.web.servlet.error.BasicErrorController.error(javax.servlet.http.HttpServletRequest)
2018.08.14 at 11:05:37 CST INFO  org.springframework.web.servlet.handler.AbstractHandlerMethodMapping$MappingRegistry register() @547 - Mapped "{[/error],produces=[text/html]}" onto public org.springframework.web.servlet.ModelAndView org.springframework.boot.autoconfigure.web.servlet.error.BasicErrorController.errorHtml(javax.servlet.http.HttpServletRequest,javax.servlet.http.HttpServletResponse)
2018.08.14 at 11:05:38 CST INFO  org.springframework.web.servlet.handler.AbstractUrlHandlerMapping registerHandler() @373 - Mapped URL path [/**/favicon.ico] onto handler of type [class org.springframework.web.servlet.resource.ResourceHttpRequestHandler]
2018.08.14 at 11:05:38 CST INFO  org.springframework.web.servlet.mvc.method.annotation.RequestMappingHandlerAdapter initControllerAdviceCache() @574 - Looking for @ControllerAdvice: org.springframework.boot.web.servlet.context.AnnotationConfigServletWebServerApplicationContext@6c7a164b: startup date [Tue Aug 14 11:05:29 CST 2018]; root of context hierarchy
2018.08.14 at 11:05:39 CST INFO  org.springframework.web.servlet.handler.AbstractUrlHandlerMapping registerHandler() @373 - Mapped URL path [/webjars/**] onto handler of type [class org.springframework.web.servlet.resource.ResourceHttpRequestHandler]
2018.08.14 at 11:05:39 CST INFO  org.springframework.web.servlet.handler.AbstractUrlHandlerMapping registerHandler() @373 - Mapped URL path [/**] onto handler of type [class org.springframework.web.servlet.resource.ResourceHttpRequestHandler]
2018.08.14 at 11:05:39 CST INFO  org.springframework.boot.autoconfigure.web.servlet.WelcomePageHandlerMapping <init>() @61 - Adding welcome page template: index
2018.08.14 at 11:05:40 CST INFO  org.springframework.jmx.export.MBeanExporter afterSingletonsInstantiated() @433 - Registering beans for JMX exposure on startup
2018.08.14 at 11:05:40 CST INFO  org.springframework.jmx.export.MBeanExporter autodetect() @895 - Bean with name 'dataSource' has been autodetected for JMX exposure
2018.08.14 at 11:05:40 CST INFO  org.springframework.jmx.export.MBeanExporter registerBeanInstance() @668 - Located MBean 'dataSource': registering with JMX server as MBean [com.alibaba.druid.pool:name=dataSource,type=DruidDataSource]
2018.08.14 at 11:05:40 CST INFO  org.springframework.context.support.DefaultLifecycleProcessor$LifecycleGroup start() @351 - Starting beans in phase 2147483647
2018.08.14 at 11:05:40 CST INFO  springfox.documentation.spring.web.plugins.DocumentationPluginsBootstrapper start() @120 - Context refreshed
2018.08.14 at 11:05:40 CST INFO  springfox.documentation.spring.web.plugins.DocumentationPluginsBootstrapper start() @123 - Found 1 custom documentation plugin(s)
2018.08.14 at 11:05:40 CST INFO  springfox.documentation.spring.web.scanners.ApiListingReferenceScanner scan() @41 - Scanning for api listing references
2018.08.14 at 11:05:40 CST INFO  org.apache.juli.logging.DirectJDKLog log() @180 - Starting ProtocolHandler ["http-nio-8081"]
2018.08.14 at 11:05:40 CST INFO  org.apache.juli.logging.DirectJDKLog log() @180 - Using a shared selector for servlet write/read
2018.08.14 at 11:05:41 CST INFO  org.springframework.boot.web.embedded.tomcat.TomcatWebServer start() @206 - Tomcat started on port(s): 8081 (http) with context path '/springboot'
2018.08.14 at 11:05:41 CST INFO  org.springframework.boot.StartupInfoLogger logStarted() @59 - Started SpringbootApplication in 12.749 seconds (JVM running for 14.978)
